app/build/intermediates/manifest_merge_blame_file/debug/manifest-merger-blame-debug-report.txt
1<?xml version="1.0" encoding="utf-8"?>
2<manifest xmlns:android="http://schemas.android.com/apk/res/android"
3    package="com.comp3160.holger.privatenotes"
4    android:versionCode="1"
5    android:versionName="1.0" >
6
7    <uses-sdk
8        android:minSdkVersion="23"
8-->src/main/AndroidManifest.xml
9        android:targetSdkVersion="28" />
9-->src/main/AndroidManifest.xml
10
11    <!-- Although the *SdkVersion is captured in gradle build files, this is required for non gradle builds -->
12    <!-- <uses-sdk android:minSdkVersion="14"/> -->
13    <uses-permission android:name="android.permission.ACCESS_NETWORK_STATE" />
13-->[com.google.firebase:firebase-database:16.1.0] AndroidManifest.xml:25:5-79
13-->[com.google.firebase:firebase-database:16.1.0] AndroidManifest.xml:25:22-76
14    <uses-permission android:name="android.permission.INTERNET" />
14-->[com.google.firebase:firebase-database:16.1.0] AndroidManifest.xml:26:5-67
14-->[com.google.firebase:firebase-database:16.1.0] AndroidManifest.xml:26:22-64
15    <uses-permission android:name="android.permission.WAKE_LOCK" /> <!-- Required by older versions of Google Play services to create IID tokens -->
15-->[com.google.android.gms:play-services-measurement-api:16.4.0] AndroidManifest.xml:24:5-68
15-->[com.google.android.gms:play-services-measurement-api:16.4.0] AndroidManifest.xml:24:22-65
16    <uses-permission android:name="com.google.android.c2dm.permission.RECEIVE" />
16-->[com.google.firebase:firebase-iid:17.0.3] AndroidManifest.xml:26:5-82
16-->[com.google.firebase:firebase-iid:17.0.3] AndroidManifest.xml:26:22-79
17    <uses-permission android:name="com.google.android.finsky.permission.BIND_GET_INSTALL_REFERRER_SERVICE" />
17-->[com.google.android.gms:play-services-measurement:16.4.0] AndroidManifest.xml:26:5-110
17-->[com.google.android.gms:play-services-measurement:16.4.0] AndroidManifest.xml:26:22-107
18
19    <application
19-->src/main/AndroidManifest.xml:5:5-20:19
20        android:name="com.comp3160.holger.privatenotes.mFirebaseApp"
20-->src/main/AndroidManifest.xml:12:9-37
21        android:allowBackup="true"
21-->src/main/AndroidManifest.xml:6:9-35
22        android:appComponentFactory="androidx.core.app.CoreComponentFactory"
22-->[androidx.core:core:1.1.0-alpha05] AndroidManifest.xml:22:18-86
23        android:debuggable="true"
24        android:icon="@mipmap/launcher_icon"
24-->src/main/AndroidManifest.xml:7:9-45
25        android:label="@string/app_name"
25-->src/main/AndroidManifest.xml:8:9-41
26        android:roundIcon="@mipmap/launcher_icon_round"
26-->src/main/AndroidManifest.xml:9:9-56
27        android:supportsRtl="true"
27-->src/main/AndroidManifest.xml:10:9-35
28        android:theme="@style/AppTheme" >
28-->src/main/AndroidManifest.xml:11:9-40
29        <activity android:name="com.comp3160.holger.privatenotes.MainActivity" >
29-->src/main/AndroidManifest.xml:13:9-19:20
29-->src/main/AndroidManifest.xml:13:19-47
30            <intent-filter>
30-->src/main/AndroidManifest.xml:14:13-18:29
31                <action android:name="android.intent.action.MAIN" />
31-->src/main/AndroidManifest.xml:15:17-69
31-->src/main/AndroidManifest.xml:15:25-66
32
33                <category android:name="android.intent.category.LAUNCHER" />
33-->src/main/AndroidManifest.xml:17:17-77
33-->src/main/AndroidManifest.xml:17:27-74
34            </intent-filter>
35        </activity>
36
37        <service
37-->[com.google.firebase:firebase-database:16.1.0] AndroidManifest.xml:29:9-33:19
38            android:name="com.google.firebase.components.ComponentDiscoveryService"
38-->[com.google.firebase:firebase-database:16.1.0] AndroidManifest.xml:29:18-89
39            android:exported="false" >
39-->[com.google.android.gms:play-services-measurement-api:16.4.0] AndroidManifest.xml:29:13-37
40            <meta-data
40-->[com.google.firebase:firebase-database:16.1.0] AndroidManifest.xml:30:13-32:85
41                android:name="com.google.firebase.components:com.google.firebase.database.DatabaseRegistrar"
41-->[com.google.firebase:firebase-database:16.1.0] AndroidManifest.xml:31:17-109
42                android:value="com.google.firebase.components.ComponentRegistrar" />
42-->[com.google.firebase:firebase-database:16.1.0] AndroidManifest.xml:32:17-82
43            <meta-data
43-->[com.google.android.gms:play-services-measurement-api:16.4.0] AndroidManifest.xml:30:13-32:85
44                android:name="com.google.firebase.components:com.google.firebase.analytics.connector.internal.AnalyticsConnectorRegistrar"
44-->[com.google.android.gms:play-services-measurement-api:16.4.0] AndroidManifest.xml:31:17-139
45                android:value="com.google.firebase.components.ComponentRegistrar" />
45-->[com.google.android.gms:play-services-measurement-api:16.4.0] AndroidManifest.xml:32:17-82
46            <meta-data
46-->[com.google.firebase:firebase-iid:17.0.3] AndroidManifest.xml:32:13-34:85
47                android:name="com.google.firebase.components:com.google.firebase.iid.Registrar"
47-->[com.google.firebase:firebase-iid:17.0.3] AndroidManifest.xml:33:17-96
48                android:value="com.google.firebase.components.ComponentRegistrar" />
48-->[com.google.firebase:firebase-iid:17.0.3] AndroidManifest.xml:34:17-82
49        </service>
50
51        <receiver
51-->[com.google.firebase:firebase-iid:17.0.3] AndroidManifest.xml:37:9-44:20
52            android:name="com.google.firebase.iid.FirebaseInstanceIdReceiver"
52-->[com.google.firebase:firebase-iid:17.0.3] AndroidManifest.xml:38:13-78
53            android:exported="true"
53-->[com.google.firebase:firebase-iid:17.0.3] AndroidManifest.xml:39:13-36
54            android:permission="com.google.android.c2dm.permission.SEND" >
54-->[com.google.firebase:firebase-iid:17.0.3] AndroidManifest.xml:40:13-73
55            <intent-filter>
55-->[com.google.firebase:firebase-iid:17.0.3] AndroidManifest.xml:41:13-43:29
56                <action android:name="com.google.android.c2dm.intent.RECEIVE" />
56-->[com.google.firebase:firebase-iid:17.0.3] AndroidManifest.xml:42:17-81
56-->[com.google.firebase:firebase-iid:17.0.3] AndroidManifest.xml:42:25-78
57            </intent-filter>
58        </receiver>
59        <!--
60             FirebaseInstanceIdService performs security checks at runtime,
61             no need for explicit permissions despite exported="true"
62        -->
63        <service
63-->[com.google.firebase:firebase-iid:17.0.3] AndroidManifest.xml:50:9-56:19
64            android:name="com.google.firebase.iid.FirebaseInstanceIdService"
64-->[com.google.firebase:firebase-iid:17.0.3] AndroidManifest.xml:51:13-77
65            android:exported="true" >
65-->[com.google.firebase:firebase-iid:17.0.3] AndroidManifest.xml:52:13-36
66            <intent-filter android:priority="-500" >
66-->[com.google.firebase:firebase-iid:17.0.3] AndroidManifest.xml:53:13-55:29
66-->[com.google.firebase:firebase-iid:17.0.3] AndroidManifest.xml:53:28-51
67                <action android:name="com.google.firebase.INSTANCE_ID_EVENT" />
67-->[com.google.firebase:firebase-iid:17.0.3] AndroidManifest.xml:54:17-80
67-->[com.google.firebase:firebase-iid:17.0.3] AndroidManifest.xml:54:25-77
68            </intent-filter>
69        </service>
70
71        <activity
71-->[com.google.android.gms:play-services-base:16.1.0] AndroidManifest.xml:23:9-26:75
72            android:name="com.google.android.gms.common.api.GoogleApiActivity"
72-->[com.google.android.gms:play-services-base:16.1.0] AndroidManifest.xml:24:13-79
73            android:exported="false"
73-->[com.google.android.gms:play-services-base:16.1.0] AndroidManifest.xml:25:13-37
74            android:theme="@android:style/Theme.Translucent.NoTitleBar" />
74-->[com.google.android.gms:play-services-base:16.1.0] AndroidManifest.xml:26:13-72
75
76        <provider
76-->[com.google.firebase:firebase-common:16.1.0] AndroidManifest.xml:12:9-16:39
77            android:name="com.google.firebase.provider.FirebaseInitProvider"
77-->[com.google.firebase:firebase-common:16.1.0] AndroidManifest.xml:13:13-77
78            android:authorities="com.comp3160.holger.privatenotes.firebaseinitprovider"
78-->[com.google.firebase:firebase-common:16.1.0] AndroidManifest.xml:14:13-72
79            android:exported="false"
79-->[com.google.firebase:firebase-common:16.1.0] AndroidManifest.xml:15:13-37
80            android:initOrder="100" />
80-->[com.google.firebase:firebase-common:16.1.0] AndroidManifest.xml:16:13-36
81
82        <receiver
82-->[com.google.android.gms:play-services-measurement:16.4.0] AndroidManifest.xml:29:9-33:20
83            android:name="com.google.android.gms.measurement.AppMeasurementReceiver"
83-->[com.google.android.gms:play-services-measurement:16.4.0] AndroidManifest.xml:30:13-85
84            android:enabled="true"
84-->[com.google.android.gms:play-services-measurement:16.4.0] AndroidManifest.xml:31:13-35
85            android:exported="false" >
85-->[com.google.android.gms:play-services-measurement:16.4.0] AndroidManifest.xml:32:13-37
86        </receiver>
87        <receiver
87-->[com.google.android.gms:play-services-measurement:16.4.0] AndroidManifest.xml:34:9-42:20
88            android:name="com.google.android.gms.measurement.AppMeasurementInstallReferrerReceiver"
88-->[com.google.android.gms:play-services-measurement:16.4.0] AndroidManifest.xml:35:13-100
89            android:enabled="true"
89-->[com.google.android.gms:play-services-measurement:16.4.0] AndroidManifest.xml:36:13-35
90            android:exported="true"
90-->[com.google.android.gms:play-services-measurement:16.4.0] AndroidManifest.xml:37:13-36
91            android:permission="android.permission.INSTALL_PACKAGES" >
91-->[com.google.android.gms:play-services-measurement:16.4.0] AndroidManifest.xml:38:13-69
92            <intent-filter>
92-->[com.google.android.gms:play-services-measurement:16.4.0] AndroidManifest.xml:39:13-41:29
93                <action android:name="com.android.vending.INSTALL_REFERRER" />
93-->[com.google.android.gms:play-services-measurement:16.4.0] AndroidManifest.xml:40:17-79
93-->[com.google.android.gms:play-services-measurement:16.4.0] AndroidManifest.xml:40:25-76
94            </intent-filter>
95        </receiver>
96
97        <service
97-->[com.google.android.gms:play-services-measurement:16.4.0] AndroidManifest.xml:44:9-47:40
98            android:name="com.google.android.gms.measurement.AppMeasurementService"
98-->[com.google.android.gms:play-services-measurement:16.4.0] AndroidManifest.xml:45:13-84
99            android:enabled="true"
99-->[com.google.android.gms:play-services-measurement:16.4.0] AndroidManifest.xml:46:13-35
100            android:exported="false" />
100-->[com.google.android.gms:play-services-measurement:16.4.0] AndroidManifest.xml:47:13-37
101        <service
101-->[com.google.android.gms:play-services-measurement:16.4.0] AndroidManifest.xml:48:9-52:72
102            android:name="com.google.android.gms.measurement.AppMeasurementJobService"
102-->[com.google.android.gms:play-services-measurement:16.4.0] AndroidManifest.xml:49:13-87
103            android:enabled="true"
103-->[com.google.android.gms:play-services-measurement:16.4.0] AndroidManifest.xml:50:13-35
104            android:exported="false"
104-->[com.google.android.gms:play-services-measurement:16.4.0] AndroidManifest.xml:51:13-37
105            android:permission="android.permission.BIND_JOB_SERVICE" />
105-->[com.google.android.gms:play-services-measurement:16.4.0] AndroidManifest.xml:52:13-69
106
107        <meta-data
107-->[com.google.android.gms:play-services-basement:16.2.0] AndroidManifest.xml:23:9-25:69
108            android:name="com.google.android.gms.version"
108-->[com.google.android.gms:play-services-basement:16.2.0] AndroidManifest.xml:24:13-58
109            android:value="@integer/google_play_services_version" />
109-->[com.google.android.gms:play-services-basement:16.2.0] AndroidManifest.xml:25:13-66
110
111        <provider
111-->[androidx.lifecycle:lifecycle-process:2.0.0] AndroidManifest.xml:23:9-27:43
112            android:name="androidx.lifecycle.ProcessLifecycleOwnerInitializer"
112-->[androidx.lifecycle:lifecycle-process:2.0.0] AndroidManifest.xml:24:13-79
113            android:authorities="com.comp3160.holger.privatenotes.lifecycle-process"
113-->[androidx.lifecycle:lifecycle-process:2.0.0] AndroidManifest.xml:25:13-69
114            android:exported="false"
114-->[androidx.lifecycle:lifecycle-process:2.0.0] AndroidManifest.xml:26:13-37
115            android:multiprocess="true" />
115-->[androidx.lifecycle:lifecycle-process:2.0.0] AndroidManifest.xml:27:13-40
116    </application>
117
118</manifest>